<?xml version="1.0" encoding="utf-8"?><testsuites name="pytest tests"><testsuite name="pytest" errors="0" failures="0" skipped="0" tests="14" time="2.565" timestamp="2026-06-18T10:59:41.335728+00:00" hostname="agent-env-07af8f24-57da-4663-bb26-ed79717fc113"><testcase classname="backend.tests.test_refactor.TestHealth" name="test_health" time="0.419" /><testcase classname="backend.tests.test_refactor.TestAuth" name="test_admin_login_returns_jwt" time="0.311" /><testcase classname="backend.tests.test_refactor.TestAuth" name="test_user_login_returns_token_and_user" time="0.341" /><testcase classname="backend.tests.test_refactor.TestAuth" name="test_register_existing_email_returns_400" time="0.078" /><testcase classname="backend.tests.test_refactor.TestAuth" name="test_forgot_password_returns_success" time="0.345" /><testcase classname="backend.tests.test_refactor.TestAdmin" name="test_admin_analyses_list" time="0.220" /><testcase classname="backend.tests.test_refactor.TestPackages" name="test_packages_returns_three" time="0.079" /><testcase classname="backend.tests.test_refactor.TestUserEndpoints" name="test_stats" time="0.088" /><testcase classname="backend.tests.test_refactor.TestUserEndpoints" name="test_credits" time="0.103" /><testcase classname="backend.tests.test_refactor.TestUserEndpoints" name="test_filters" time="0.099" /><testcase classname="backend.tests.test_refactor.TestSeeker" name="test_seeker_profiles" time="0.150" /><testcase classname="backend.tests.test_refactor.TestSeeker" name="test_seeker_comparisons" time="0.083" /><testcase classname="backend.tests.test_refactor.TestSecurity" name="test_admin_endpoint_requires_auth" time="0.111" /><testcase classname="backend.tests.test_refactor.TestSecurity" name="test_user_endpoint_requires_auth" time="0.079" /></testsuite></testsuites>